\BOOKMARK [1][-]{section.1}{\376\377\000I\000n\000t\000r\000o\000d\000u\000c\000t\000i\000o\000n}{}% 1
\BOOKMARK [2][-]{subsection.1.1}{\376\377\000R\000e\000v\000e\000n\000u\000e\000\040\000a\000n\000d\000\040\000S\000u\000r\000v\000i\000v\000a\000l\000\040\000i\000n\000\040\000T\000h\000e\000o\000r\000i\000e\000s\000\040\000o\000f\000\040\000t\000h\000e\000\040\000S\000t\000a\000t\000e}{section.1}% 2
\BOOKMARK [1][-]{section.2}{\376\377\000R\000e\000v\000e\000n\000u\000e\000\040\000a\000n\000d\000\040\000R\000e\000s\000i\000l\000i\000e\000n\000c\000e\000\040\000i\000n\000\040\000C\000h\000i\000n\000a}{}% 3
\BOOKMARK [2][-]{subsection.2.1}{\376\377\000R\000e\000s\000i\000l\000i\000e\000n\000c\000e\000,\000\040\000L\000e\000g\000i\000t\000i\000m\000a\000c\000y\000,\000\040\000a\000n\000d\000\040\000S\000t\000a\000t\000e\000\040\000C\000a\000p\000a\000c\000i\000t\000y}{section.2}% 4
\BOOKMARK [1][-]{section.3}{\376\377\000T\000h\000e\000o\000r\000y}{}% 5
\BOOKMARK [2][-]{subsection.3.1}{\376\377\000R\000e\000s\000i\000l\000i\000e\000n\000c\000e\000\040\000a\000n\000d\000\040\000t\000h\000e\000\040\000C\000o\000e\000r\000c\000i\000o\000n\000\040\000C\000o\000n\000s\000t\000r\000a\000i\000n\000t}{section.3}% 6
\BOOKMARK [3][-]{subsubsection.3.1.1}{\376\377\000M\000a\000x\000i\000m\000u\000m\000\040\000c\000o\000e\000r\000c\000i\000v\000e\000\040\000c\000a\000p\000a\000c\000i\000t\000y\000\040\000a\000n\000d\000\040\000r\000e\000s\000i\000l\000i\000e\000n\000c\000e}{subsection.3.1}% 7
\BOOKMARK [2][-]{subsection.3.2}{\376\377\000R\000e\000v\000e\000n\000u\000e\000\040\000a\000n\000d\000\040\000t\000h\000e\000\040\000B\000u\000d\000g\000e\000t\000\040\000C\000o\000n\000s\000t\000r\000a\000i\000n\000t}{section.3}% 8
\BOOKMARK [2][-]{subsection.3.3}{\376\377\000T\000h\000e\000\040\000S\000t\000a\000t\000e\000\040\000O\000b\000j\000e\000c\000t\000i\000v\000e}{section.3}% 9
\BOOKMARK [3][-]{subsubsection.3.3.1}{\376\377\000O\000l\000s\000o\000n\000\040\000a\000n\000d\000\040\000L\000e\000v\000i\000:\000\040\000I\000d\000e\000a\000l\000-\000T\000y\000p\000e\000\040\000R\000e\000v\000e\000n\000u\000e\000-\000M\000a\000x\000i\000m\000i\000z\000i\000n\000g\000\040\000R\000u\000l\000e\000r\000s}{subsection.3.3}% 10
\BOOKMARK [3][-]{subsubsection.3.3.2}{\376\377\000C\000h\000i\000n\000a\000\040\000a\000s\000\040\000a\000\040\000R\000e\000s\000i\000l\000i\000e\000n\000c\000e\000-\000M\000a\000x\000i\000m\000i\000z\000e\000r}{subsection.3.3}% 11
\BOOKMARK [2][-]{subsection.3.4}{\376\377\000A\000\040\000T\000w\000o\000-\000R\000e\000g\000i\000o\000n\000\040\000A\000l\000l\000o\000c\000a\000t\000i\000o\000n\000\040\000G\000a\000m\000e}{section.3}% 12
\BOOKMARK [1][-]{section.4}{\376\377\000M\000e\000t\000h\000o\000d\000o\000l\000o\000g\000y}{}% 13
\BOOKMARK [1][-]{section.5}{\376\377\000P\000r\000e\000l\000i\000m\000i\000n\000a\000r\000y\000\040\000R\000e\000s\000u\000l\000t\000s}{}% 14
\BOOKMARK [1][-]{section.6}{\376\377\000D\000i\000s\000c\000u\000s\000s\000i\000o\000n}{}% 15
\BOOKMARK [2][-]{subsection.6.1}{\376\377\000P\000r\000o\000o\000f\000\040\000o\000f\000\040\000P\000r\000o\000p\000o\000s\000i\000t\000i\000o\000n\000\040\0001}{section.6}% 16
\BOOKMARK [2][-]{subsection.6.2}{\376\377\000P\000r\000o\000o\000f\000\040\000o\000f\000\040\000P\000r\000o\000p\000o\000s\000i\000t\000i\000o\000n\000\040\0002}{section.6}% 17
\BOOKMARK [2][-]{subsection.6.3}{\376\377\000P\000r\000o\000o\000f\000\040\000o\000f\000\040\000P\000r\000o\000p\000o\000s\000i\000t\000i\000o\000n\000\040\0003}{section.6}% 18
\BOOKMARK [2][-]{subsection.6.4}{\376\377\000P\000r\000o\000o\000f\000\040\000o\000f\000\040\000P\000r\000o\000p\000o\000s\000i\000t\000i\000o\000n\000\040\0004}{section.6}% 19
\BOOKMARK [2][-]{subsection.6.5}{\376\377\000P\000r\000o\000o\000f\000\040\000o\000f\000\040\000P\000r\000o\000p\000o\000s\000i\000t\000i\000o\000n\000\040\0005}{section.6}% 20
\BOOKMARK [1][-]{section.7}{\376\377\000A\000p\000p\000e\000n\000d\000i\000x\000\040\000B\000:\000\040\000R\000e\000v\000i\000s\000i\000o\000n\000s\000\040\000m\000a\000d\000e\000\040\000f\000o\000r\000\040\000t\000h\000e\000\040\000M\000A\000\040\000D\000e\000f\000e\000n\000s\000e}{}% 21
\BOOKMARK [2][-]{subsubsection.7.0.1}{\376\377\000C\000l\000a\000r\000i\000f\000y\000i\000n\000g\000\040\000r\000e\000s\000i\000l\000i\000e\000n\000c\000e\000\040\000v\000s\000.\000\040\000l\000o\000n\000g\000-\000r\000u\000n\000\040\000s\000u\000r\000v\000i\000v\000a\000l}{section.7}% 22
\BOOKMARK [3][-]{subsubsection.7.0.2}{\376\377\000L\000i\000m\000i\000t\000a\000t\000i\000o\000n\000s\000\040\000o\000f\000\040\000m\000y\000\040\000S\000y\000n\000t\000h\000e\000t\000i\000c\000\040\000C\000o\000n\000t\000r\000o\000l\000\040\000D\000e\000s\000i\000g\000n}{subsubsection.7.0.1}% 23
